2017-07-29 03:54:23 - Session created successfully
2017-07-29 03:54:23 - User authentication passed
2017-07-29 03:54:23 - Upload directory: /var/www/html/phoe721.com/project/bt/upload/
2017-07-29 03:54:23 - Rtorrent is launched
2017-07-29 03:54:23 - Total count of torrent file(s): 3
2017-07-29 03:54:28 - Session created successfully
2017-07-29 03:54:28 - User authentication passed
2017-07-29 03:54:28 - Upload directory: /var/www/html/phoe721.com/project/bt/upload/
2017-07-29 03:54:28 - Rtorrent is launched
2017-07-29 03:54:28 - Total count of torrent file(s): 3
2017-07-29 03:54:33 - Session created successfully
2017-07-29 03:54:33 - User authentication passed
2017-07-29 03:54:33 - Upload directory: /var/www/html/phoe721.com/project/bt/upload/
2017-07-29 03:54:33 - Rtorrent is launched
2017-07-29 03:54:33 - Total count of torrent file(s): 3
2017-07-30 11:44:15 - 
2017-07-30 11:44:23 - 
2017-07-30 11:44:43 - 
2017-07-30 11:45:03 - 
2017-07-30 11:45:23 - 
2017-07-30 11:45:43 - 
2017-07-30 11:46:03 - 
2017-07-30 11:46:09 - 
2017-07-30 11:46:29 - 
2017-07-30 11:46:49 - 
2017-07-30 11:47:08 - 
2017-07-30 11:47:17 - 
2017-07-30 11:47:38 - 
2017-07-30 11:47:58 - 
2017-07-30 11:48:14 - 
2017-07-30 11:48:34 - 
2017-07-30 11:48:54 - 
2017-07-30 11:49:14 - 
2017-07-30 11:49:34 - 
2017-07-30 11:49:54 - 
2017-07-30 11:50:14 - 
2017-07-30 11:50:34 - 
2017-07-30 11:50:54 - 
2017-07-30 11:51:00 - 
2017-07-30 11:51:19 - 
2017-07-30 11:51:40 - 
2017-07-30 11:52:00 - 
2017-07-30 11:52:19 - 
2017-07-30 11:52:35 - 
2017-07-30 11:52:55 - 
2017-07-30 11:53:15 - 
2017-07-30 11:53:35 - 
2017-07-30 11:53:55 - 
2017-07-30 11:54:15 - 
2017-07-30 11:54:35 - 
2017-07-30 11:54:55 - 
2017-07-30 11:55:15 - 
2017-07-30 11:55:22 - 
2017-07-30 11:55:35 - 
2017-07-30 11:55:42 - 
2017-07-30 11:56:02 - 
2017-07-30 11:56:22 - 
2017-07-30 11:56:42 - 
2017-07-30 11:57:02 - 
2017-07-30 11:57:22 - 
2017-08-07 07:18:27 - 
2017-08-09 12:00:50 - 
2017-08-09 03:51:51 - 
2017-08-26 01:22:52 - 
2017-08-28 09:38:13 - 
2017-08-30 03:22:41 - 
2017-08-30 03:22:45 - 
2017-08-30 03:22:47 - 
2017-09-02 03:16:46 - 
2017-09-02 03:16:58 - 
2017-09-02 03:17:02 - 
2017-09-02 03:17:22 - 
2017-09-02 09:29:47 - 
2017-09-02 09:29:58 - 
2017-09-04 09:54:20 - 
2017-09-07 09:12:25 - 
2017-09-07 05:05:17 - 
2017-09-10 01:27:16 - 
2017-09-11 09:39:47 - 
